<?xml version="1.0" encoding="UTF-8"?>
<!-- Generated by org.testng.reporters.JUnitXMLReporter -->
<testsuite hostname="Sakeths-MBP.austin.rr.com" ignored="0" name="Test" tests="11" failures="0" timestamp="23 Oct 2020 19:56:07 GMT" time="61.954" errors="0">
  <testcase name="chwindow" time="8.852" classname="siriSeconMaven.childwondowTest"/>
  <testcase name="stu1" time="10.242" classname="siriSeconMaven.childwondowTest"/>
  <testcase name="widgetsExmaple" time="10.824" classname="siriSeconMaven.WidgetsTestngTest"/>
  <testcase name="dpExp" time="0.0" classname="siriSeconMaven.dataProviderExampleTest"/>
  <testcase name="dpExp" time="0.0" classname="siriSeconMaven.dataProviderExampleTest"/>
  <testcase name="dpExp" time="0.0" classname="siriSeconMaven.dataProviderExampleTest"/>
  <testcase name="frameExmaple" time="5.69" classname="siriSeconMaven.framesTest"/>
  <testcase name="modalDialogs" time="6.486" classname="siriSeconMaven.framesTest"/>
  <testcase name="nestedframeExmaple" time="6.057" classname="siriSeconMaven.framesTest"/>
  <testcase name="MouseHover2" time="6.868" classname="siriSeconMaven.SliderTest"/>
  <testcase name="sliderExample" time="6.886" classname="siriSeconMaven.SliderTest"/>
</testsuite> <!-- Test -->
